::1 - - [28/Mar/2021:07:35:27 +0000] "GET /api-docs HTTP/1.1" 404 23 "-" "Mozilla/5.0 (Macintosh; Intel Mac OS X 10_15_7) AppleWebKit/537.36 (KHTML, like Gecko) Chrome/89.0.4389.90 Safari/537.36"
::1 - - [28/Mar/2021:07:35:28 +0000] "GET /favicon.ico HTTP/1.1" 404 23 "http://localhost:8001/api-docs" "Mozilla/5.0 (Macintosh; Intel Mac OS X 10_15_7) AppleWebKit/537.36 (KHTML, like Gecko) Chrome/89.0.4389.90 Safari/537.36"
::1 - - [28/Mar/2021:07:38:15 +0000] "GET / HTTP/1.1" 404 23 "-" "Mozilla/5.0 (Macintosh; Intel Mac OS X 10_15_7) AppleWebKit/537.36 (KHTML, like Gecko) Chrome/89.0.4389.90 Safari/537.36"
::1 - - [28/Mar/2021:07:39:56 +0000] "GET /api-docs HTTP/1.1" 404 23 "-" "Mozilla/5.0 (Macintosh; Intel Mac OS X 10_15_7) AppleWebKit/537.36 (KHTML, like Gecko) Chrome/89.0.4389.90 Safari/537.36"
::1 - - [28/Mar/2021:07:41:29 +0000] "GET /api-docs HTTP/1.1" 404 23 "-" "Mozilla/5.0 (Macintosh; Intel Mac OS X 10_15_7) AppleWebKit/537.36 (KHTML, like Gecko) Chrome/89.0.4389.90 Safari/537.36"
::1 - - [28/Mar/2021:07:41:30 +0000] "GET /api-docs HTTP/1.1" 404 23 "-" "Mozilla/5.0 (Macintosh; Intel Mac OS X 10_15_7) AppleWebKit/537.36 (KHTML, like Gecko) Chrome/89.0.4389.90 Safari/537.36"
::1 - - [28/Mar/2021:07:41:32 +0000] "GET /api-docs HTTP/1.1" 404 23 "-" "Mozilla/5.0 (Macintosh; Intel Mac OS X 10_15_7) AppleWebKit/537.36 (KHTML, like Gecko) Chrome/89.0.4389.90 Safari/537.36"
::1 - - [28/Mar/2021:09:22:26 +0000] "POST /addUser HTTP/1.1" 404 23 "-" "PostmanRuntime/7.26.10"
::1 - - [28/Mar/2021:09:23:33 +0000] "POST /v1/addUser HTTP/1.1" - - "-" "PostmanRuntime/7.26.10"
::1 - - [28/Mar/2021:09:24:06 +0000] "POST /v1/addUser HTTP/1.1" - - "-" "PostmanRuntime/7.26.10"
::1 - - [28/Mar/2021:09:52:05 +0000] "POST /v1/addUser HTTP/1.1" - - "-" "PostmanRuntime/7.26.10"
::1 - - [28/Mar/2021:09:57:53 +0000] "POST /v1/addUser HTTP/1.1" 500 2339 "-" "PostmanRuntime/7.26.10"
::1 - - [28/Mar/2021:10:03:37 +0000] "POST /v1/addUser HTTP/1.1" 500 2339 "-" "PostmanRuntime/7.26.10"
::1 - - [28/Mar/2021:10:05:34 +0000] "POST /v1/addUser HTTP/1.1" 400 342 "-" "PostmanRuntime/7.26.10"
::1 - - [28/Mar/2021:10:28:20 +0000] "POST /v1/addUser HTTP/1.1" 400 342 "-" "PostmanRuntime/7.26.10"
::1 - - [28/Mar/2021:10:28:36 +0000] "POST /v1/addUser HTTP/1.1" 400 351 "-" "PostmanRuntime/7.26.10"
::1 - - [28/Mar/2021:10:28:42 +0000] "POST /v1/addUser HTTP/1.1" 400 327 "-" "PostmanRuntime/7.26.10"
::1 - - [28/Mar/2021:10:28:51 +0000] "POST /v1/addUser HTTP/1.1" 400 324 "-" "PostmanRuntime/7.26.10"
::1 - - [28/Mar/2021:10:29:06 +0000] "POST /v1/addUser HTTP/1.1" - - "-" "PostmanRuntime/7.26.10"
::1 - - [28/Mar/2021:10:29:35 +0000] "POST /v1/addUser HTTP/1.1" - - "-" "PostmanRuntime/7.26.10"
::1 - - [28/Mar/2021:10:37:52 +0000] "POST /v1/addUser HTTP/1.1" 201 2 "-" "PostmanRuntime/7.26.10"
::1 - - [28/Mar/2021:10:38:25 +0000] "POST /v1/addUser HTTP/1.1" 400 33 "-" "PostmanRuntime/7.26.10"
::1 - - [28/Mar/2021:10:41:38 +0000] "POST /v1/addUser HTTP/1.1" 400 65 "-" "PostmanRuntime/7.26.10"
::1 - - [28/Mar/2021:11:38:31 +0000] "POST /v1/addUser HTTP/1.1" 500 2362 "-" "PostmanRuntime/7.26.10"
::1 - - [28/Mar/2021:11:39:41 +0000] "POST /v1/addUser HTTP/1.1" 400 237 "-" "PostmanRuntime/7.26.10"
::1 - - [28/Mar/2021:11:40:31 +0000] "POST /v1/addUser HTTP/1.1" 422 51 "-" "PostmanRuntime/7.26.10"
::1 - - [28/Mar/2021:11:41:08 +0000] "POST /v1/addUser HTTP/1.1" 400 65 "-" "PostmanRuntime/7.26.10"
::1 - - [28/Mar/2021:11:42:54 +0000] "POST /v1/user/60606b540c5f592e0edc57f3 HTTP/1.1" 404 23 "-" "PostmanRuntime/7.26.10"
::1 - - [28/Mar/2021:11:43:07 +0000] "DELETE /v1/user/60606b540c5f592e0edc57f3 HTTP/1.1" 500 2355 "-" "PostmanRuntime/7.26.10"
::1 - - [28/Mar/2021:11:43:50 +0000] "DELETE /v1/user/60606b540c5f592e0edc57f3 HTTP/1.1" 500 2355 "-" "PostmanRuntime/7.26.10"
::1 - - [28/Mar/2021:11:44:21 +0000] "DELETE /v1/user/60606b540c5f592e0edc57f3 HTTP/1.1" 500 2355 "-" "PostmanRuntime/7.26.10"
::1 - - [28/Mar/2021:11:44:34 +0000] "DELETE /v1/user/60606b540c5f592e0edc57f3 HTTP/1.1" 500 2355 "-" "PostmanRuntime/7.26.10"
::1 - - [28/Mar/2021:11:46:19 +0000] "DELETE /v1/user/60606b540c5f592e0edc57f3 HTTP/1.1" 500 2355 "-" "PostmanRuntime/7.26.10"
::1 - - [28/Mar/2021:11:48:10 +0000] "DELETE /v1/user/60606b540c5f592e0edc57f3 HTTP/1.1" 500 2366 "-" "PostmanRuntime/7.26.10"
::1 - - [28/Mar/2021:11:48:54 +0000] "DELETE /v1/user/60606b540c5f592e0edc57f3 HTTP/1.1" 500 2355 "-" "PostmanRuntime/7.26.10"
::1 - - [28/Mar/2021:11:49:54 +0000] "DELETE /v1/user/60606b540c5f592e0edc57f3 HTTP/1.1" 500 2355 "-" "PostmanRuntime/7.26.10"
::1 - - [28/Mar/2021:11:50:29 +0000] "DELETE /v1/user/60606b540c5f592e0edc57f3 HTTP/1.1" 500 2355 "-" "PostmanRuntime/7.26.10"
::1 - - [28/Mar/2021:11:50:38 +0000] "DELETE /v1/user/60606b540c5f592e0edc57f3 HTTP/1.1" 500 2355 "-" "PostmanRuntime/7.26.10"
::1 - - [28/Mar/2021:11:51:37 +0000] "DELETE /v1/user/60606b540c5f592e0edc57f3 HTTP/1.1" 500 2366 "-" "PostmanRuntime/7.26.10"
::1 - - [28/Mar/2021:11:51:54 +0000] "DELETE /v1/user/60606b540c5f592e0edc57f3 HTTP/1.1" 500 2366 "-" "PostmanRuntime/7.26.10"
::1 - - [28/Mar/2021:11:53:04 +0000] "DELETE /v1/user/60606b540c5f592e0edc57f3 HTTP/1.1" 500 2366 "-" "PostmanRuntime/7.26.10"
::1 - - [28/Mar/2021:11:53:21 +0000] "DELETE /v1/user/60606b540c5f592e0edc57f3 HTTP/1.1" 422 53 "-" "PostmanRuntime/7.26.10"
::1 - - [28/Mar/2021:11:53:45 +0000] "DELETE /v1/user/60606b540c5f592e0edc57f3 HTTP/1.1" 422 53 "-" "PostmanRuntime/7.26.10"
::1 - - [28/Mar/2021:11:54:04 +0000] "DELETE /v1/user/60606b540c5f592e0edc57f3 HTTP/1.1" 422 53 "-" "PostmanRuntime/7.26.10"
::1 - - [28/Mar/2021:11:54:27 +0000] "DELETE /v1/user/60606b540c5f592e0edc57f3 HTTP/1.1" 422 53 "-" "PostmanRuntime/7.26.10"
::1 - - [28/Mar/2021:11:54:38 +0000] "DELETE /v1/user/60606b540c5f592e0edc57f3 HTTP/1.1" 400 33 "-" "PostmanRuntime/7.26.10"
::1 - - [28/Mar/2021:11:55:53 +0000] "DELETE /v1/user/60606b540c5f592e0edc57f3 HTTP/1.1" 400 33 "-" "PostmanRuntime/7.26.10"
::1 - - [28/Mar/2021:11:56:43 +0000] "DELETE /v1/addUser HTTP/1.1" 404 23 "-" "PostmanRuntime/7.26.10"
::1 - - [28/Mar/2021:11:56:48 +0000] "POST /v1/addUser HTTP/1.1" 400 65 "-" "PostmanRuntime/7.26.10"
::1 - - [28/Mar/2021:11:57:41 +0000] "POST /v1/addUser HTTP/1.1" 201 65 "-" "PostmanRuntime/7.26.10"
::1 - - [28/Mar/2021:11:58:26 +0000] "DELETE /v1/user/60606f35c762652f25d613e6 HTTP/1.1" 403 25 "-" "PostmanRuntime/7.26.10"
::1 - - [28/Mar/2021:11:58:45 +0000] "DELETE /v1/user/60606f35c762652f25d613e6 HTTP/1.1" 400 33 "-" "PostmanRuntime/7.26.10"
::1 - - [28/Mar/2021:11:59:22 +0000] "DELETE /v1/user/60606f35c762652f25d613e6 HTTP/1.1" 201 39 "-" "PostmanRuntime/7.26.10"
::1 - - [28/Mar/2021:11:59:24 +0000] "DELETE /v1/user/60606f35c762652f25d613e6 HTTP/1.1" 201 39 "-" "PostmanRuntime/7.26.10"
::1 - - [28/Mar/2021:11:59:37 +0000] "POST /v1/addUser HTTP/1.1" 201 65 "-" "PostmanRuntime/7.26.10"
::1 - - [28/Mar/2021:12:00:26 +0000] "DELETE /v1/user/60605a6c05a46c2b0eb45c49 HTTP/1.1" 200 39 "-" "PostmanRuntime/7.26.10"
::1 - - [28/Mar/2021:12:00:51 +0000] "DELETE /v1/user/60605a81d87df22b1490a25d HTTP/1.1" 200 39 "-" "PostmanRuntime/7.26.10"
::1 - - [28/Mar/2021:12:01:03 +0000] "DELETE /v1/user/60605c8081ca272b70571ed3 HTTP/1.1" 200 39 "-" "PostmanRuntime/7.26.10"
::1 - - [28/Mar/2021:12:01:10 +0000] "DELETE /v1/user/ HTTP/1.1" 404 23 "-" "PostmanRuntime/7.26.10"
::1 - - [28/Mar/2021:12:01:34 +0000] "DELETE /v1/user/''' HTTP/1.1" - - "-" "PostmanRuntime/7.26.10"
::1 - - [28/Mar/2021:12:03:02 +0000] "GET /v1/api-docs HTTP/1.1" 301 189 "-" "Mozilla/5.0 (Macintosh; Intel Mac OS X 10_15_7) AppleWebKit/537.36 (KHTML, like Gecko) Chrome/89.0.4389.90 Safari/537.36"
::1 - - [28/Mar/2021:12:03:02 +0000] "GET /v1/api-docs/ HTTP/1.1" 200 3104 "-" "Mozilla/5.0 (Macintosh; Intel Mac OS X 10_15_7) AppleWebKit/537.36 (KHTML, like Gecko) Chrome/89.0.4389.90 Safari/537.36"
::1 - - [28/Mar/2021:12:03:02 +0000] "GET /v1/api-docs/swagger-ui-init.js HTTP/1.1" 200 3456 "http://localhost:8001/v1/api-docs/" "Mozilla/5.0 (Macintosh; Intel Mac OS X 10_15_7) AppleWebKit/537.36 (KHTML, like Gecko) Chrome/89.0.4389.90 Safari/537.36"
::1 - - [28/Mar/2021:12:03:02 +0000] "GET /v1/api-docs/swagger-ui.css HTTP/1.1" 200 143410 "http://localhost:8001/v1/api-docs/" "Mozilla/5.0 (Macintosh; Intel Mac OS X 10_15_7) AppleWebKit/537.36 (KHTML, like Gecko) Chrome/89.0.4389.90 Safari/537.36"
::1 - - [28/Mar/2021:12:03:02 +0000] "GET /v1/api-docs/swagger-ui-standalone-preset.js HTTP/1.1" 200 336298 "http://localhost:8001/v1/api-docs/" "Mozilla/5.0 (Macintosh; Intel Mac OS X 10_15_7) AppleWebKit/537.36 (KHTML, like Gecko) Chrome/89.0.4389.90 Safari/537.36"
::1 - - [28/Mar/2021:12:03:02 +0000] "GET /v1/api-docs/swagger-ui-bundle.js HTTP/1.1" 200 1079764 "http://localhost:8001/v1/api-docs/" "Mozilla/5.0 (Macintosh; Intel Mac OS X 10_15_7) AppleWebKit/537.36 (KHTML, like Gecko) Chrome/89.0.4389.90 Safari/537.36"
::1 - - [28/Mar/2021:12:03:02 +0000] "GET /v1/api-docs/favicon-32x32.png HTTP/1.1" 200 628 "http://localhost:8001/v1/api-docs/" "Mozilla/5.0 (Macintosh; Intel Mac OS X 10_15_7) AppleWebKit/537.36 (KHTML, like Gecko) Chrome/89.0.4389.90 Safari/537.36"
::1 - - [28/Mar/2021:12:05:04 +0000] "GET /v1/api-docs/ HTTP/1.1" 304 - "-" "Mozilla/5.0 (Macintosh; Intel Mac OS X 10_15_7) AppleWebKit/537.36 (KHTML, like Gecko) Chrome/89.0.4389.90 Safari/537.36"
::1 - - [28/Mar/2021:12:05:04 +0000] "GET /v1/api-docs/swagger-ui.css HTTP/1.1" 304 - "http://localhost:8001/v1/api-docs/" "Mozilla/5.0 (Macintosh; Intel Mac OS X 10_15_7) AppleWebKit/537.36 (KHTML, like Gecko) Chrome/89.0.4389.90 Safari/537.36"
::1 - - [28/Mar/2021:12:05:04 +0000] "GET /v1/api-docs/swagger-ui-init.js HTTP/1.1" 200 3260 "http://localhost:8001/v1/api-docs/" "Mozilla/5.0 (Macintosh; Intel Mac OS X 10_15_7) AppleWebKit/537.36 (KHTML, like Gecko) Chrome/89.0.4389.90 Safari/537.36"
::1 - - [28/Mar/2021:12:05:04 +0000] "GET /v1/api-docs/swagger-ui-bundle.js HTTP/1.1" 304 - "http://localhost:8001/v1/api-docs/" "Mozilla/5.0 (Macintosh; Intel Mac OS X 10_15_7) AppleWebKit/537.36 (KHTML, like Gecko) Chrome/89.0.4389.90 Safari/537.36"
::1 - - [28/Mar/2021:12:05:04 +0000] "GET /v1/api-docs/swagger-ui-standalone-preset.js HTTP/1.1" 304 - "http://localhost:8001/v1/api-docs/" "Mozilla/5.0 (Macintosh; Intel Mac OS X 10_15_7) AppleWebKit/537.36 (KHTML, like Gecko) Chrome/89.0.4389.90 Safari/537.36"
::1 - - [28/Mar/2021:12:05:04 +0000] "GET /v1/api-docs/favicon-32x32.png HTTP/1.1" 304 - "http://localhost:8001/v1/api-docs/" "Mozilla/5.0 (Macintosh; Intel Mac OS X 10_15_7) AppleWebKit/537.36 (KHTML, like Gecko) Chrome/89.0.4389.90 Safari/537.36"
::1 - - [28/Mar/2021:12:07:58 +0000] "POST /v1/addUser HTTP/1.1" 201 65 "-" "PostmanRuntime/7.26.10"
::1 - - [28/Mar/2021:12:08:02 +0000] "GET /v1/api-docs/ HTTP/1.1" 304 - "-" "Mozilla/5.0 (Macintosh; Intel Mac OS X 10_15_7) AppleWebKit/537.36 (KHTML, like Gecko) Chrome/89.0.4389.90 Safari/537.36"
::1 - - [28/Mar/2021:12:08:02 +0000] "GET /v1/api-docs/swagger-ui.css HTTP/1.1" 304 - "http://localhost:8001/v1/api-docs/" "Mozilla/5.0 (Macintosh; Intel Mac OS X 10_15_7) AppleWebKit/537.36 (KHTML, like Gecko) Chrome/89.0.4389.90 Safari/537.36"
::1 - - [28/Mar/2021:12:08:02 +0000] "GET /v1/api-docs/swagger-ui-bundle.js HTTP/1.1" 304 - "http://localhost:8001/v1/api-docs/" "Mozilla/5.0 (Macintosh; Intel Mac OS X 10_15_7) AppleWebKit/537.36 (KHTML, like Gecko) Chrome/89.0.4389.90 Safari/537.36"
::1 - - [28/Mar/2021:12:08:02 +0000] "GET /v1/api-docs/swagger-ui-init.js HTTP/1.1" 200 3288 "http://localhost:8001/v1/api-docs/" "Mozilla/5.0 (Macintosh; Intel Mac OS X 10_15_7) AppleWebKit/537.36 (KHTML, like Gecko) Chrome/89.0.4389.90 Safari/537.36"
::1 - - [28/Mar/2021:12:08:02 +0000] "GET /v1/api-docs/swagger-ui-standalone-preset.js HTTP/1.1" 304 - "http://localhost:8001/v1/api-docs/" "Mozilla/5.0 (Macintosh; Intel Mac OS X 10_15_7) AppleWebKit/537.36 (KHTML, like Gecko) Chrome/89.0.4389.90 Safari/537.36"
::1 - - [28/Mar/2021:12:08:03 +0000] "GET /v1/api-docs/favicon-32x32.png HTTP/1.1" 304 - "http://localhost:8001/v1/api-docs/" "Mozilla/5.0 (Macintosh; Intel Mac OS X 10_15_7) AppleWebKit/537.36 (KHTML, like Gecko) Chrome/89.0.4389.90 Safari/537.36"
::1 - - [28/Mar/2021:12:08:40 +0000] "GET /v1/api-docs/ HTTP/1.1" 304 - "-" "Mozilla/5.0 (Macintosh; Intel Mac OS X 10_15_7) AppleWebKit/537.36 (KHTML, like Gecko) Chrome/89.0.4389.90 Safari/537.36"
::1 - - [28/Mar/2021:12:08:40 +0000] "GET /v1/api-docs/swagger-ui.css HTTP/1.1" 304 - "http://localhost:8001/v1/api-docs/" "Mozilla/5.0 (Macintosh; Intel Mac OS X 10_15_7) AppleWebKit/537.36 (KHTML, like Gecko) Chrome/89.0.4389.90 Safari/537.36"
::1 - - [28/Mar/2021:12:08:40 +0000] "GET /v1/api-docs/swagger-ui-bundle.js HTTP/1.1" 304 - "http://localhost:8001/v1/api-docs/" "Mozilla/5.0 (Macintosh; Intel Mac OS X 10_15_7) AppleWebKit/537.36 (KHTML, like Gecko) Chrome/89.0.4389.90 Safari/537.36"
::1 - - [28/Mar/2021:12:08:40 +0000] "GET /v1/api-docs/swagger-ui-init.js HTTP/1.1" 200 3199 "http://localhost:8001/v1/api-docs/" "Mozilla/5.0 (Macintosh; Intel Mac OS X 10_15_7) AppleWebKit/537.36 (KHTML, like Gecko) Chrome/89.0.4389.90 Safari/537.36"
::1 - - [28/Mar/2021:12:08:40 +0000] "GET /v1/api-docs/swagger-ui-standalone-preset.js HTTP/1.1" 304 - "http://localhost:8001/v1/api-docs/" "Mozilla/5.0 (Macintosh; Intel Mac OS X 10_15_7) AppleWebKit/537.36 (KHTML, like Gecko) Chrome/89.0.4389.90 Safari/537.36"
::1 - - [28/Mar/2021:12:08:40 +0000] "GET /v1/api-docs/favicon-32x32.png HTTP/1.1" 304 - "http://localhost:8001/v1/api-docs/" "Mozilla/5.0 (Macintosh; Intel Mac OS X 10_15_7) AppleWebKit/537.36 (KHTML, like Gecko) Chrome/89.0.4389.90 Safari/537.36"
::1 - - [28/Mar/2021:12:09:31 +0000] "GET /v1/api-docs/ HTTP/1.1" 304 - "-" "Mozilla/5.0 (Macintosh; Intel Mac OS X 10_15_7) AppleWebKit/537.36 (KHTML, like Gecko) Chrome/89.0.4389.90 Safari/537.36"
::1 - - [28/Mar/2021:12:09:31 +0000] "GET /v1/api-docs/swagger-ui.css HTTP/1.1" 304 - "http://localhost:8001/v1/api-docs/" "Mozilla/5.0 (Macintosh; Intel Mac OS X 10_15_7) AppleWebKit/537.36 (KHTML, like Gecko) Chrome/89.0.4389.90 Safari/537.36"
::1 - - [28/Mar/2021:12:09:31 +0000] "GET /v1/api-docs/swagger-ui-init.js HTTP/1.1" 200 3212 "http://localhost:8001/v1/api-docs/" "Mozilla/5.0 (Macintosh; Intel Mac OS X 10_15_7) AppleWebKit/537.36 (KHTML, like Gecko) Chrome/89.0.4389.90 Safari/537.36"
::1 - - [28/Mar/2021:12:09:31 +0000] "GET /v1/api-docs/swagger-ui-bundle.js HTTP/1.1" 304 - "http://localhost:8001/v1/api-docs/" "Mozilla/5.0 (Macintosh; Intel Mac OS X 10_15_7) AppleWebKit/537.36 (KHTML, like Gecko) Chrome/89.0.4389.90 Safari/537.36"
::1 - - [28/Mar/2021:12:09:31 +0000] "GET /v1/api-docs/swagger-ui-standalone-preset.js HTTP/1.1" 304 - "http://localhost:8001/v1/api-docs/" "Mozilla/5.0 (Macintosh; Intel Mac OS X 10_15_7) AppleWebKit/537.36 (KHTML, like Gecko) Chrome/89.0.4389.90 Safari/537.36"
::1 - - [28/Mar/2021:12:09:31 +0000] "GET /v1/api-docs/favicon-32x32.png HTTP/1.1" 304 - "http://localhost:8001/v1/api-docs/" "Mozilla/5.0 (Macintosh; Intel Mac OS X 10_15_7) AppleWebKit/537.36 (KHTML, like Gecko) Chrome/89.0.4389.90 Safari/537.36"
::1 - - [28/Mar/2021:15:05:58 +0000] "GET /v1/api-docs/ HTTP/1.1" 304 - "-" "Mozilla/5.0 (Macintosh; Intel Mac OS X 10_15_7) AppleWebKit/537.36 (KHTML, like Gecko) Chrome/89.0.4389.90 Safari/537.36"
::1 - - [28/Mar/2021:15:05:58 +0000] "GET /v1/api-docs/swagger-ui.css HTTP/1.1" 304 - "http://localhost:8001/v1/api-docs/" "Mozilla/5.0 (Macintosh; Intel Mac OS X 10_15_7) AppleWebKit/537.36 (KHTML, like Gecko) Chrome/89.0.4389.90 Safari/537.36"
::1 - - [28/Mar/2021:15:05:58 +0000] "GET /v1/api-docs/swagger-ui-bundle.js HTTP/1.1" 304 - "http://localhost:8001/v1/api-docs/" "Mozilla/5.0 (Macintosh; Intel Mac OS X 10_15_7) AppleWebKit/537.36 (KHTML, like Gecko) Chrome/89.0.4389.90 Safari/537.36"
::1 - - [28/Mar/2021:15:05:58 +0000] "GET /v1/api-docs/swagger-ui-init.js HTTP/1.1" 304 - "http://localhost:8001/v1/api-docs/" "Mozilla/5.0 (Macintosh; Intel Mac OS X 10_15_7) AppleWebKit/537.36 (KHTML, like Gecko) Chrome/89.0.4389.90 Safari/537.36"
::1 - - [28/Mar/2021:15:05:58 +0000] "GET /v1/api-docs/swagger-ui-standalone-preset.js HTTP/1.1" 304 - "http://localhost:8001/v1/api-docs/" "Mozilla/5.0 (Macintosh; Intel Mac OS X 10_15_7) AppleWebKit/537.36 (KHTML, like Gecko) Chrome/89.0.4389.90 Safari/537.36"
::1 - - [28/Mar/2021:15:05:58 +0000] "GET /v1/api-docs/favicon-32x32.png HTTP/1.1" 304 - "http://localhost:8001/v1/api-docs/" "Mozilla/5.0 (Macintosh; Intel Mac OS X 10_15_7) AppleWebKit/537.36 (KHTML, like Gecko) Chrome/89.0.4389.90 Safari/537.36"
::1 - - [28/Mar/2021:15:09:46 +0000] "GET /v1/api-docs/ HTTP/1.1" 304 - "-" "Mozilla/5.0 (Macintosh; Intel Mac OS X 10_15_7) AppleWebKit/537.36 (KHTML, like Gecko) Chrome/89.0.4389.90 Safari/537.36"
::1 - - [28/Mar/2021:15:09:46 +0000] "GET /v1/api-docs/swagger-ui-init.js HTTP/1.1" 200 3180 "http://localhost:8001/v1/api-docs/" "Mozilla/5.0 (Macintosh; Intel Mac OS X 10_15_7) AppleWebKit/537.36 (KHTML, like Gecko) Chrome/89.0.4389.90 Safari/537.36"
::1 - - [28/Mar/2021:15:09:46 +0000] "GET /v1/api-docs/swagger-ui.css HTTP/1.1" 304 - "http://localhost:8001/v1/api-docs/" "Mozilla/5.0 (Macintosh; Intel Mac OS X 10_15_7) AppleWebKit/537.36 (KHTML, like Gecko) Chrome/89.0.4389.90 Safari/537.36"
::1 - - [28/Mar/2021:15:09:46 +0000] "GET /v1/api-docs/swagger-ui-standalone-preset.js HTTP/1.1" 304 - "http://localhost:8001/v1/api-docs/" "Mozilla/5.0 (Macintosh; Intel Mac OS X 10_15_7) AppleWebKit/537.36 (KHTML, like Gecko) Chrome/89.0.4389.90 Safari/537.36"
::1 - - [28/Mar/2021:15:09:46 +0000] "GET /v1/api-docs/swagger-ui-bundle.js HTTP/1.1" 304 - "http://localhost:8001/v1/api-docs/" "Mozilla/5.0 (Macintosh; Intel Mac OS X 10_15_7) AppleWebKit/537.36 (KHTML, like Gecko) Chrome/89.0.4389.90 Safari/537.36"
::1 - - [28/Mar/2021:15:09:46 +0000] "GET /v1/api-docs/favicon-32x32.png HTTP/1.1" 304 - "http://localhost:8001/v1/api-docs/" "Mozilla/5.0 (Macintosh; Intel Mac OS X 10_15_7) AppleWebKit/537.36 (KHTML, like Gecko) Chrome/89.0.4389.90 Safari/537.36"
::1 - - [28/Mar/2021:15:10:34 +0000] "GET /v1/api-docs/ HTTP/1.1" 304 - "-" "Mozilla/5.0 (Macintosh; Intel Mac OS X 10_15_7) AppleWebKit/537.36 (KHTML, like Gecko) Chrome/89.0.4389.90 Safari/537.36"
::1 - - [28/Mar/2021:15:10:34 +0000] "GET /v1/api-docs/swagger-ui.css HTTP/1.1" 304 - "http://localhost:8001/v1/api-docs/" "Mozilla/5.0 (Macintosh; Intel Mac OS X 10_15_7) AppleWebKit/537.36 (KHTML, like Gecko) Chrome/89.0.4389.90 Safari/537.36"
::1 - - [28/Mar/2021:15:10:34 +0000] "GET /v1/api-docs/swagger-ui-init.js HTTP/1.1" 200 3312 "http://localhost:8001/v1/api-docs/" "Mozilla/5.0 (Macintosh; Intel Mac OS X 10_15_7) AppleWebKit/537.36 (KHTML, like Gecko) Chrome/89.0.4389.90 Safari/537.36"
::1 - - [28/Mar/2021:15:10:34 +0000] "GET /v1/api-docs/swagger-ui-bundle.js HTTP/1.1" 304 - "http://localhost:8001/v1/api-docs/" "Mozilla/5.0 (Macintosh; Intel Mac OS X 10_15_7) AppleWebKit/537.36 (KHTML, like Gecko) Chrome/89.0.4389.90 Safari/537.36"
::1 - - [28/Mar/2021:15:10:34 +0000] "GET /v1/api-docs/swagger-ui-standalone-preset.js HTTP/1.1" 304 - "http://localhost:8001/v1/api-docs/" "Mozilla/5.0 (Macintosh; Intel Mac OS X 10_15_7) AppleWebKit/537.36 (KHTML, like Gecko) Chrome/89.0.4389.90 Safari/537.36"
::1 - - [28/Mar/2021:15:10:34 +0000] "GET /v1/api-docs/favicon-32x32.png HTTP/1.1" 304 - "http://localhost:8001/v1/api-docs/" "Mozilla/5.0 (Macintosh; Intel Mac OS X 10_15_7) AppleWebKit/537.36 (KHTML, like Gecko) Chrome/89.0.4389.90 Safari/537.36"
::1 - - [28/Mar/2021:15:12:23 +0000] "GET /v1/api-docs/ HTTP/1.1" 304 - "-" "Mozilla/5.0 (Macintosh; Intel Mac OS X 10_15_7) AppleWebKit/537.36 (KHTML, like Gecko) Chrome/89.0.4389.90 Safari/537.36"
::1 - - [28/Mar/2021:15:12:23 +0000] "GET /v1/api-docs/swagger-ui-init.js HTTP/1.1" 200 3313 "http://localhost:8001/v1/api-docs/" "Mozilla/5.0 (Macintosh; Intel Mac OS X 10_15_7) AppleWebKit/537.36 (KHTML, like Gecko) Chrome/89.0.4389.90 Safari/537.36"
::1 - - [28/Mar/2021:15:12:23 +0000] "GET /v1/api-docs/swagger-ui.css HTTP/1.1" 304 - "http://localhost:8001/v1/api-docs/" "Mozilla/5.0 (Macintosh; Intel Mac OS X 10_15_7) AppleWebKit/537.36 (KHTML, like Gecko) Chrome/89.0.4389.90 Safari/537.36"
::1 - - [28/Mar/2021:15:12:23 +0000] "GET /v1/api-docs/swagger-ui-bundle.js HTTP/1.1" 304 - "http://localhost:8001/v1/api-docs/" "Mozilla/5.0 (Macintosh; Intel Mac OS X 10_15_7) AppleWebKit/537.36 (KHTML, like Gecko) Chrome/89.0.4389.90 Safari/537.36"
::1 - - [28/Mar/2021:15:12:23 +0000] "GET /v1/api-docs/swagger-ui-standalone-preset.js HTTP/1.1" 304 - "http://localhost:8001/v1/api-docs/" "Mozilla/5.0 (Macintosh; Intel Mac OS X 10_15_7) AppleWebKit/537.36 (KHTML, like Gecko) Chrome/89.0.4389.90 Safari/537.36"
::1 - - [28/Mar/2021:15:12:24 +0000] "GET /v1/api-docs/favicon-32x32.png HTTP/1.1" 304 - "http://localhost:8001/v1/api-docs/" "Mozilla/5.0 (Macintosh; Intel Mac OS X 10_15_7) AppleWebKit/537.36 (KHTML, like Gecko) Chrome/89.0.4389.90 Safari/537.36"
